<?xml version="1.0" encoding="UTF-8"?>
<!-- Generated by org.testng.reporters.JUnitReportReporter -->
<testsuite skipped="0" hostname="LAPTOP-CJQ9RU0K" name="TestCases.ParallelTest" tests="4" failures="0" timestamp="2023-01-09T16:08:36 IST" time="89.469" errors="0">
  <testcase name="test1" time="24.168" classname="TestCases.ParallelTest"/>
  <testcase name="test4" time="15.199" classname="TestCases.ParallelTest"/>
  <testcase name="test2" time="25.269" classname="TestCases.ParallelTest"/>
  <testcase name="test3" time="24.833" classname="TestCases.ParallelTest"/>
</testsuite> <!-- TestCases.ParallelTest -->
