<?xml version="1.0" encoding="UTF-8"?>
<!-- Generated by org.testng.reporters.JUnitReportReporter -->
<testsuite skipped="0" hostname="LAPTOP-CJQ9RU0K" name="FrameworkKekwords.GroupTest" tests="1" failures="0" timestamp="2023-01-05T13:19:39 IST" time="19.296" errors="0">
  <testcase name="Test1" time="19.296" classname="FrameworkKekwords.GroupTest"/>
</testsuite> <!-- FrameworkKekwords.GroupTest -->
