<?xml version="1.0" encoding="UTF-8"?>
<!-- Generated by org.testng.reporters.JUnitReportReporter -->
<testsuite skipped="0" hostname="LAPTOP-CJQ9RU0K" name="FrameworkKekwords.DependsOnMethod" tests="2" failures="0" timestamp="2023-01-04T15:42:58 IST" time="6.474" errors="0">
  <testcase name="verifyLoginToAppTest" time="4.701" classname="FrameworkKekwords.DependsOnMethod"/>
  <testcase name="verifyTitleTest" time="1.773" classname="FrameworkKekwords.DependsOnMethod"/>
</testsuite> <!-- FrameworkKekwords.DependsOnMethod -->
