<?xml version="1.0" encoding="UTF-8"?>
<!-- Generated by org.testng.reporters.JUnitReportReporter -->
<testsuite skipped="0" hostname="LAPTOP-CJQ9RU0K" name="FrameworkKekwords.PriorityTest" tests="5" failures="0" timestamp="2023-01-05T13:14:13 IST" time="60.220" errors="0">
  <testcase name="verifyTitleTest3" time="1.921" classname="FrameworkKekwords.PriorityTest"/>
  <testcase name="verifyTitleTest2" time="20.184" classname="FrameworkKekwords.PriorityTest"/>
  <testcase name="verifyTitleTest1" time="1.921" classname="FrameworkKekwords.PriorityTest"/>
  <testcase name="verifyTitleTest5" time="18.089" classname="FrameworkKekwords.PriorityTest"/>
  <testcase name="verifyTitleTest4" time="18.105" classname="FrameworkKekwords.PriorityTest"/>
</testsuite> <!-- FrameworkKekwords.PriorityTest -->
